mode: set
github.com/gospacex/vectorx/weaviatex/client.go:20.64,25.22 2 0
github.com/gospacex/vectorx/weaviatex/client.go:25.22,27.3 1 0
github.com/gospacex/vectorx/weaviatex/client.go:28.2,29.16 2 0
github.com/gospacex/vectorx/weaviatex/client.go:29.16,31.3 1 0
github.com/gospacex/vectorx/weaviatex/client.go:32.2,32.45 1 0
github.com/gospacex/vectorx/weaviatex/client.go:35.80,40.16 4 0
github.com/gospacex/vectorx/weaviatex/client.go:40.16,43.3 2 0
github.com/gospacex/vectorx/weaviatex/client.go:44.2,44.24 1 0
github.com/gospacex/vectorx/weaviatex/client.go:44.24,48.3 3 0
github.com/gospacex/vectorx/weaviatex/client.go:49.2,49.23 1 0
github.com/gospacex/vectorx/weaviatex/client.go:52.131,63.16 4 0
github.com/gospacex/vectorx/weaviatex/client.go:63.16,65.3 1 0
github.com/gospacex/vectorx/weaviatex/client.go:66.2,66.17 1 0
github.com/gospacex/vectorx/weaviatex/client.go:69.90,79.16 4 0
github.com/gospacex/vectorx/weaviatex/client.go:79.16,81.3 1 0
github.com/gospacex/vectorx/weaviatex/client.go:82.2,82.12 1 0
github.com/gospacex/vectorx/weaviatex/client.go:85.81,94.16 4 0
github.com/gospacex/vectorx/weaviatex/client.go:94.16,96.3 1 0
github.com/gospacex/vectorx/weaviatex/client.go:97.2,97.12 1 0
github.com/gospacex/vectorx/weaviatex/client.go:100.63,105.16 4 0
github.com/gospacex/vectorx/weaviatex/client.go:105.16,107.3 1 0
github.com/gospacex/vectorx/weaviatex/client.go:108.2,108.18 1 0
github.com/gospacex/vectorx/weaviatex/config.go:16.33,19.2 2 1
github.com/gospacex/vectorx/weaviatex/config.go:21.62,23.16 2 1
github.com/gospacex/vectorx/weaviatex/config.go:23.16,25.3 1 0
github.com/gospacex/vectorx/weaviatex/config.go:26.2,26.38 1 1
github.com/gospacex/vectorx/weaviatex/config.go:26.38,27.43 1 1
github.com/gospacex/vectorx/weaviatex/config.go:27.43,29.4 1 0
github.com/gospacex/vectorx/weaviatex/config.go:31.2,31.72 1 1
github.com/gospacex/vectorx/weaviatex/config.go:34.48,36.21 2 1
github.com/gospacex/vectorx/weaviatex/config.go:36.21,37.23 1 1
github.com/gospacex/vectorx/weaviatex/config.go:37.23,39.4 1 0
github.com/gospacex/vectorx/weaviatex/config.go:40.3,40.43 1 1
github.com/gospacex/vectorx/weaviatex/config.go:42.2,42.23 1 1
github.com/gospacex/vectorx/weaviatex/weaviatex.go:13.51,19.41 5 1
github.com/gospacex/vectorx/weaviatex/weaviatex.go:19.41,21.3 1 1
github.com/gospacex/vectorx/weaviatex/weaviatex.go:23.2,24.16 2 1
github.com/gospacex/vectorx/weaviatex/weaviatex.go:24.16,26.3 1 1
github.com/gospacex/vectorx/weaviatex/weaviatex.go:28.2,29.16 2 0
github.com/gospacex/vectorx/weaviatex/weaviatex.go:29.16,31.3 1 0
github.com/gospacex/vectorx/weaviatex/weaviatex.go:33.2,34.15 2 0
github.com/gospacex/vectorx/weaviatex/weaviatex.go:37.46,39.16 2 1
github.com/gospacex/vectorx/weaviatex/weaviatex.go:39.16,40.52 1 1
github.com/gospacex/vectorx/weaviatex/weaviatex.go:42.2,42.10 1 0
github.com/gospacex/vectorx/milvusx/client.go:19.60,25.16 2 0
github.com/gospacex/vectorx/milvusx/client.go:25.16,27.3 1 0
github.com/gospacex/vectorx/milvusx/client.go:28.2,28.43 1 0
github.com/gospacex/vectorx/milvusx/client.go:31.298,39.16 4 0
github.com/gospacex/vectorx/milvusx/client.go:39.16,41.3 1 0
github.com/gospacex/vectorx/milvusx/client.go:42.2,42.17 1 0
github.com/gospacex/vectorx/milvusx/client.go:45.135,52.16 4 0
github.com/gospacex/vectorx/milvusx/client.go:52.16,54.3 1 0
github.com/gospacex/vectorx/milvusx/client.go:55.2,55.17 1 0
github.com/gospacex/vectorx/milvusx/client.go:58.109,65.16 4 0
github.com/gospacex/vectorx/milvusx/client.go:65.16,67.3 1 0
github.com/gospacex/vectorx/milvusx/client.go:68.2,68.12 1 0
github.com/gospacex/vectorx/milvusx/client.go:71.142,78.16 4 0
github.com/gospacex/vectorx/milvusx/client.go:78.16,80.3 1 0
github.com/gospacex/vectorx/milvusx/client.go:81.2,81.12 1 0
github.com/gospacex/vectorx/milvusx/client.go:84.115,91.16 4 0
github.com/gospacex/vectorx/milvusx/client.go:91.16,93.3 1 0
github.com/gospacex/vectorx/milvusx/client.go:94.2,94.12 1 0
github.com/gospacex/vectorx/milvusx/client.go:97.85,104.16 4 0
github.com/gospacex/vectorx/milvusx/client.go:104.16,106.3 1 0
github.com/gospacex/vectorx/milvusx/client.go:107.2,107.16 1 0
github.com/gospacex/vectorx/milvusx/client.go:110.104,117.16 4 0
github.com/gospacex/vectorx/milvusx/client.go:117.16,119.3 1 0
github.com/gospacex/vectorx/milvusx/client.go:120.2,120.18 1 0
github.com/gospacex/vectorx/milvusx/client.go:123.33,125.2 1 0
github.com/gospacex/vectorx/milvusx/config.go:16.33,19.2 2 1
github.com/gospacex/vectorx/milvusx/config.go:21.60,23.16 2 1
github.com/gospacex/vectorx/milvusx/config.go:23.16,25.3 1 1
github.com/gospacex/vectorx/milvusx/config.go:26.2,26.36 1 1
github.com/gospacex/vectorx/milvusx/config.go:26.36,27.41 1 1
github.com/gospacex/vectorx/milvusx/config.go:27.41,29.4 1 0
github.com/gospacex/vectorx/milvusx/config.go:31.2,31.70 1 1
github.com/gospacex/vectorx/milvusx/config.go:34.48,36.21 2 1
github.com/gospacex/vectorx/milvusx/config.go:36.21,37.23 1 1
github.com/gospacex/vectorx/milvusx/config.go:37.23,39.4 1 1
github.com/gospacex/vectorx/milvusx/config.go:40.3,40.43 1 1
github.com/gospacex/vectorx/milvusx/config.go:42.2,42.16 1 1
github.com/gospacex/vectorx/milvusx/config.go:42.16,44.3 1 1
github.com/gospacex/vectorx/milvusx/config.go:45.2,45.22 1 1
github.com/gospacex/vectorx/milvusx/config.go:45.22,47.3 1 1
github.com/gospacex/vectorx/milvusx/config.go:48.2,48.23 1 1
github.com/gospacex/vectorx/milvusx/milvusx.go:13.47,19.41 5 1
github.com/gospacex/vectorx/milvusx/milvusx.go:19.41,21.3 1 1
github.com/gospacex/vectorx/milvusx/milvusx.go:23.2,24.16 2 1
github.com/gospacex/vectorx/milvusx/milvusx.go:24.16,26.3 1 1
github.com/gospacex/vectorx/milvusx/milvusx.go:28.2,29.16 2 0
github.com/gospacex/vectorx/milvusx/milvusx.go:29.16,31.3 1 0
github.com/gospacex/vectorx/milvusx/milvusx.go:33.2,34.15 2 0
github.com/gospacex/vectorx/milvusx/milvusx.go:37.42,39.16 2 1
github.com/gospacex/vectorx/milvusx/milvusx.go:39.16,40.50 1 1
github.com/gospacex/vectorx/milvusx/milvusx.go:42.2,42.10 1 0
github.com/gospacex/vectorx/observability/tracer.go:14.58,16.2 1 1
github.com/gospacex/vectorx/observability/tracer.go:19.28,24.2 1 1
github.com/gospacex/vectorx/observability/tracing.go:27.51,28.32 1 1
github.com/gospacex/vectorx/observability/tracing.go:28.32,30.3 1 1
github.com/gospacex/vectorx/observability/tracing.go:31.2,32.21 2 1
github.com/gospacex/vectorx/observability/tracing.go:32.21,35.17 3 1
github.com/gospacex/vectorx/observability/tracing.go:35.17,38.4 2 0
github.com/gospacex/vectorx/observability/tracing.go:39.3,48.17 4 1
github.com/gospacex/vectorx/observability/tracing.go:50.2,50.16 1 1
github.com/gospacex/vectorx/observability/tracing.go:53.68,54.27 1 1
github.com/gospacex/vectorx/observability/tracing.go:54.27,56.3 1 1
github.com/gospacex/vectorx/observability/tracing.go:57.2,57.25 1 0
github.com/gospacex/vectorx/observability/tracing.go:58.19,59.33 1 0
github.com/gospacex/vectorx/observability/tracing.go:60.20,61.32 1 0
github.com/gospacex/vectorx/observability/tracing.go:62.10,63.76 1 0
github.com/gospacex/vectorx/observability/tracing.go:69.109,70.14 1 1
github.com/gospacex/vectorx/observability/tracing.go:70.14,72.3 1 0
github.com/gospacex/vectorx/observability/tracing.go:73.2,74.18 2 1
github.com/gospacex/vectorx/config/load.go:28.41,30.16 2 1
github.com/gospacex/vectorx/config/load.go:30.16,32.3 1 0
github.com/gospacex/vectorx/config/load.go:33.2,34.46 2 1
github.com/gospacex/vectorx/config/load.go:34.46,36.3 1 0
github.com/gospacex/vectorx/config/load.go:37.2,37.51 1 1
github.com/gospacex/vectorx/config/load.go:37.51,39.3 1 0
github.com/gospacex/vectorx/config/load.go:40.2,40.16 1 1
github.com/gospacex/vectorx/config/tracing.go:26.42,27.16 1 1
github.com/gospacex/vectorx/config/tracing.go:27.16,29.3 1 1
github.com/gospacex/vectorx/config/tracing.go:30.2,30.20 1 1
github.com/gospacex/vectorx/config/tracing.go:31.14,32.23 1 1
github.com/gospacex/vectorx/config/tracing.go:32.23,33.28 1 1
github.com/gospacex/vectorx/config/tracing.go:33.28,35.5 1 1
github.com/gospacex/vectorx/config/tracing.go:35.10,37.5 1 1
github.com/gospacex/vectorx/config/tracing.go:39.15,40.23 1 1
github.com/gospacex/vectorx/config/tracing.go:40.23,42.4 1 1
github.com/gospacex/vectorx/config/tracing.go:43.3,43.21 1 1
github.com/gospacex/vectorx/config/tracing.go:43.21,45.4 1 1
github.com/gospacex/vectorx/config/tracing.go:46.15,47.23 1 1
github.com/gospacex/vectorx/config/tracing.go:47.23,49.4 1 1
github.com/gospacex/vectorx/config/tracing.go:50.3,50.20 1 1
github.com/gospacex/vectorx/config/tracing.go:50.20,52.4 1 1
github.com/gospacex/vectorx/config/tracing.go:53.10,54.66 1 1
github.com/gospacex/vectorx/config/tracing.go:56.2,56.12 1 1
github.com/gospacex/vectorx/observability/exporter/exporter.go:28.41,28.63 1 1
github.com/gospacex/vectorx/observability/exporter/exporter.go:31.41,31.63 1 1
github.com/gospacex/vectorx/observability/exporter/exporter.go:37.70,39.22 2 1
github.com/gospacex/vectorx/observability/exporter/exporter.go:40.14,41.29 1 1
github.com/gospacex/vectorx/observability/exporter/exporter.go:42.15,43.33 1 1
github.com/gospacex/vectorx/observability/exporter/exporter.go:44.15,45.33 1 1
github.com/gospacex/vectorx/observability/exporter/exporter.go:47.2,47.61 1 1
github.com/gospacex/vectorx/observability/exporter/exporter.go:68.96,69.27 1 1
github.com/gospacex/vectorx/observability/exporter/exporter.go:69.27,79.26 4 1
github.com/gospacex/vectorx/observability/exporter/exporter.go:79.26,81.4 1 1
github.com/gospacex/vectorx/observability/exporter/exporter.go:82.3,82.63 1 1
github.com/gospacex/vectorx/observability/exporter/exporter.go:82.63,84.4 1 1
github.com/gospacex/vectorx/observability/exporter/exporter.go:86.2,86.12 1 1
github.com/gospacex/vectorx/observability/exporter/exporter.go:89.60,89.74 1 1
github.com/gospacex/vectorx/observability/exporter/jaeger.go:13.93,14.28 1 1
github.com/gospacex/vectorx/observability/exporter/jaeger.go:14.28,19.3 1 0
github.com/gospacex/vectorx/observability/exporter/jaeger.go:20.2,23.3 1 1
github.com/gospacex/vectorx/observability/exporter/kafka.go:11.77,12.27 1 1
github.com/gospacex/vectorx/observability/exporter/kafka.go:12.27,14.3 1 1
github.com/gospacex/vectorx/observability/exporter/kafka.go:15.2,15.85 1 1
github.com/gospacex/vectorx/observability/exporter/redis.go:9.77,10.27 1 1
github.com/gospacex/vectorx/observability/exporter/redis.go:10.27,12.3 1 1
github.com/gospacex/vectorx/observability/exporter/redis.go:13.2,13.87 1 1
github.com/gospacex/vectorx/observability/exporter/redis.go:21.41,23.2 1 1
github.com/gospacex/vectorx/qdrantx/client.go:21.60,25.16 4 0
github.com/gospacex/vectorx/qdrantx/client.go:25.16,27.3 1 0
github.com/gospacex/vectorx/qdrantx/client.go:28.2,32.8 1 0
github.com/gospacex/vectorx/qdrantx/client.go:43.138,47.16 4 0
github.com/gospacex/vectorx/qdrantx/client.go:47.16,49.3 1 0
github.com/gospacex/vectorx/qdrantx/client.go:50.2,50.17 1 0
github.com/gospacex/vectorx/qdrantx/client.go:53.151,57.16 4 0
github.com/gospacex/vectorx/qdrantx/client.go:57.16,59.3 1 0
github.com/gospacex/vectorx/qdrantx/client.go:60.2,60.17 1 0
github.com/gospacex/vectorx/qdrantx/client.go:63.151,67.16 4 0
github.com/gospacex/vectorx/qdrantx/client.go:67.16,69.3 1 0
github.com/gospacex/vectorx/qdrantx/client.go:70.2,70.17 1 0
github.com/gospacex/vectorx/qdrantx/client.go:73.146,77.16 4 0
github.com/gospacex/vectorx/qdrantx/client.go:77.16,79.3 1 0
github.com/gospacex/vectorx/qdrantx/client.go:80.2,80.17 1 0
github.com/gospacex/vectorx/qdrantx/client.go:83.152,87.16 4 0
github.com/gospacex/vectorx/qdrantx/client.go:87.16,89.3 1 0
github.com/gospacex/vectorx/qdrantx/client.go:90.2,90.17 1 0
github.com/gospacex/vectorx/qdrantx/client.go:93.152,97.16 4 0
github.com/gospacex/vectorx/qdrantx/client.go:97.16,99.3 1 0
github.com/gospacex/vectorx/qdrantx/client.go:100.2,100.17 1 0
github.com/gospacex/vectorx/qdrantx/client.go:103.150,107.16 4 0
github.com/gospacex/vectorx/qdrantx/client.go:107.16,109.3 1 0
github.com/gospacex/vectorx/qdrantx/client.go:110.2,110.17 1 0
github.com/gospacex/vectorx/qdrantx/client.go:113.138,117.16 4 0
github.com/gospacex/vectorx/qdrantx/client.go:117.16,119.3 1 0
github.com/gospacex/vectorx/qdrantx/client.go:120.2,120.17 1 0
github.com/gospacex/vectorx/qdrantx/client.go:123.144,127.16 4 0
github.com/gospacex/vectorx/qdrantx/client.go:127.16,129.3 1 0
github.com/gospacex/vectorx/qdrantx/client.go:130.2,130.17 1 0
github.com/gospacex/vectorx/qdrantx/client.go:135.162,139.16 4 0
github.com/gospacex/vectorx/qdrantx/client.go:139.16,141.3 1 0
github.com/gospacex/vectorx/qdrantx/client.go:142.2,142.17 1 0
github.com/gospacex/vectorx/qdrantx/client.go:145.162,149.16 4 0
github.com/gospacex/vectorx/qdrantx/client.go:149.16,151.3 1 0
github.com/gospacex/vectorx/qdrantx/client.go:152.2,152.17 1 0
github.com/gospacex/vectorx/qdrantx/client.go:155.159,159.16 4 0
github.com/gospacex/vectorx/qdrantx/client.go:159.16,161.3 1 0
github.com/gospacex/vectorx/qdrantx/client.go:162.2,162.17 1 0
github.com/gospacex/vectorx/qdrantx/client.go:165.159,169.16 4 0
github.com/gospacex/vectorx/qdrantx/client.go:169.16,171.3 1 0
github.com/gospacex/vectorx/qdrantx/client.go:172.2,172.17 1 0
github.com/gospacex/vectorx/qdrantx/client.go:177.120,181.16 4 0
github.com/gospacex/vectorx/qdrantx/client.go:181.16,183.3 1 0
github.com/gospacex/vectorx/qdrantx/client.go:184.2,184.17 1 0
github.com/gospacex/vectorx/qdrantx/client.go:187.129,191.16 4 0
github.com/gospacex/vectorx/qdrantx/client.go:191.16,193.3 1 0
github.com/gospacex/vectorx/qdrantx/client.go:194.2,194.17 1 0
github.com/gospacex/vectorx/qdrantx/client.go:197.126,201.16 4 0
github.com/gospacex/vectorx/qdrantx/client.go:201.16,203.3 1 0
github.com/gospacex/vectorx/qdrantx/client.go:204.2,204.17 1 0
github.com/gospacex/vectorx/qdrantx/client.go:207.129,214.16 4 0
github.com/gospacex/vectorx/qdrantx/client.go:214.16,216.3 1 0
github.com/gospacex/vectorx/qdrantx/client.go:217.2,217.17 1 0
github.com/gospacex/vectorx/qdrantx/client.go:220.144,224.16 4 0
github.com/gospacex/vectorx/qdrantx/client.go:224.16,226.3 1 0
github.com/gospacex/vectorx/qdrantx/client.go:227.2,227.17 1 0
github.com/gospacex/vectorx/qdrantx/client.go:230.146,234.16 4 0
github.com/gospacex/vectorx/qdrantx/client.go:234.16,236.3 1 0
github.com/gospacex/vectorx/qdrantx/client.go:237.2,237.17 1 0
github.com/gospacex/vectorx/qdrantx/client.go:240.138,244.16 4 0
github.com/gospacex/vectorx/qdrantx/client.go:244.16,246.3 1 0
github.com/gospacex/vectorx/qdrantx/client.go:247.2,247.17 1 0
github.com/gospacex/vectorx/qdrantx/client.go:250.153,254.16 4 0
github.com/gospacex/vectorx/qdrantx/client.go:254.16,256.3 1 0
github.com/gospacex/vectorx/qdrantx/client.go:257.2,257.17 1 0
github.com/gospacex/vectorx/qdrantx/client.go:260.155,264.16 4 0
github.com/gospacex/vectorx/qdrantx/client.go:264.16,266.3 1 0
github.com/gospacex/vectorx/qdrantx/client.go:267.2,267.17 1 0
github.com/gospacex/vectorx/qdrantx/client.go:270.135,274.16 4 0
github.com/gospacex/vectorx/qdrantx/client.go:274.16,276.3 1 0
github.com/gospacex/vectorx/qdrantx/client.go:277.2,277.17 1 0
github.com/gospacex/vectorx/qdrantx/client.go:280.150,284.16 4 0
github.com/gospacex/vectorx/qdrantx/client.go:284.16,286.3 1 0
github.com/gospacex/vectorx/qdrantx/client.go:287.2,287.17 1 0
github.com/gospacex/vectorx/qdrantx/client.go:290.126,294.16 4 0
github.com/gospacex/vectorx/qdrantx/client.go:294.16,296.3 1 0
github.com/gospacex/vectorx/qdrantx/client.go:297.2,297.17 1 0
github.com/gospacex/vectorx/qdrantx/client.go:300.33,302.2 1 0
github.com/gospacex/vectorx/qdrantx/config.go:16.33,19.2 2 1
github.com/gospacex/vectorx/qdrantx/config.go:21.60,23.16 2 1
github.com/gospacex/vectorx/qdrantx/config.go:23.16,25.3 1 0
github.com/gospacex/vectorx/qdrantx/config.go:26.2,26.36 1 1
github.com/gospacex/vectorx/qdrantx/config.go:26.36,27.41 1 1
github.com/gospacex/vectorx/qdrantx/config.go:27.41,29.4 1 0
github.com/gospacex/vectorx/qdrantx/config.go:31.2,31.70 1 1
github.com/gospacex/vectorx/qdrantx/config.go:34.48,36.21 2 1
github.com/gospacex/vectorx/qdrantx/config.go:36.21,37.23 1 1
github.com/gospacex/vectorx/qdrantx/config.go:37.23,39.4 1 0
github.com/gospacex/vectorx/qdrantx/config.go:40.3,40.43 1 1
github.com/gospacex/vectorx/qdrantx/config.go:42.2,42.23 1 1
github.com/gospacex/vectorx/qdrantx/qdrantx.go:13.47,19.41 5 1
github.com/gospacex/vectorx/qdrantx/qdrantx.go:19.41,21.3 1 1
github.com/gospacex/vectorx/qdrantx/qdrantx.go:23.2,24.16 2 1
github.com/gospacex/vectorx/qdrantx/qdrantx.go:24.16,26.3 1 1
github.com/gospacex/vectorx/qdrantx/qdrantx.go:28.2,29.16 2 0
github.com/gospacex/vectorx/qdrantx/qdrantx.go:29.16,31.3 1 0
github.com/gospacex/vectorx/qdrantx/qdrantx.go:33.2,34.15 2 0
github.com/gospacex/vectorx/qdrantx/qdrantx.go:37.42,39.16 2 1
github.com/gospacex/vectorx/qdrantx/qdrantx.go:39.16,40.50 1 1
github.com/gospacex/vectorx/qdrantx/qdrantx.go:42.2,42.10 1 0
github.com/gospacex/vectorx/vectorx.go:59.42,61.16 2 1
github.com/gospacex/vectorx/vectorx.go:61.16,63.3 1 1
github.com/gospacex/vectorx/vectorx.go:68.2,70.34 1 1
github.com/gospacex/vectorx/vectorx.go:70.34,72.3 1 1
github.com/gospacex/vectorx/vectorx.go:74.2,76.31 2 1
github.com/gospacex/vectorx/vectorx.go:76.31,77.71 1 1
github.com/gospacex/vectorx/vectorx.go:77.71,79.4 1 0
github.com/gospacex/vectorx/vectorx.go:87.3,89.10 1 1
github.com/gospacex/vectorx/vectorx.go:89.10,91.4 1 1
github.com/gospacex/vectorx/vectorx.go:94.2,98.16 4 1
github.com/gospacex/vectorx/vectorx.go:103.37,105.16 2 1
github.com/gospacex/vectorx/vectorx.go:105.16,106.49 1 1
github.com/gospacex/vectorx/vectorx.go:108.2,108.11 1 1
github.com/gospacex/vectorx/vectorx.go:115.65,118.14 3 1
github.com/gospacex/vectorx/vectorx.go:118.14,120.3 1 1
github.com/gospacex/vectorx/vectorx.go:121.2,121.32 1 1
github.com/gospacex/vectorx/vectorx.go:127.60,130.14 3 1
github.com/gospacex/vectorx/vectorx.go:130.14,131.19 1 0
github.com/gospacex/vectorx/vectorx.go:133.2,134.16 2 1
github.com/gospacex/vectorx/vectorx.go:134.16,135.61 1 1
github.com/gospacex/vectorx/vectorx.go:137.2,137.10 1 0
github.com/gospacex/vectorx/vectorx.go:141.65,144.14 3 1
github.com/gospacex/vectorx/vectorx.go:144.14,146.3 1 0
github.com/gospacex/vectorx/vectorx.go:147.2,147.32 1 1
github.com/gospacex/vectorx/vectorx.go:150.60,153.14 3 1
github.com/gospacex/vectorx/vectorx.go:153.14,154.19 1 0
github.com/gospacex/vectorx/vectorx.go:156.2,157.16 2 1
github.com/gospacex/vectorx/vectorx.go:157.16,158.61 1 1
github.com/gospacex/vectorx/vectorx.go:160.2,160.10 1 0
github.com/gospacex/vectorx/vectorx.go:164.71,167.14 3 1
github.com/gospacex/vectorx/vectorx.go:167.14,169.3 1 0
github.com/gospacex/vectorx/vectorx.go:170.2,170.36 1 1
github.com/gospacex/vectorx/vectorx.go:173.66,176.14 3 1
github.com/gospacex/vectorx/vectorx.go:176.14,177.19 1 0
github.com/gospacex/vectorx/vectorx.go:179.2,180.16 2 1
github.com/gospacex/vectorx/vectorx.go:180.16,181.63 1 1
github.com/gospacex/vectorx/vectorx.go:183.2,183.10 1 0
github.com/gospacex/vectorx/vectorx.go:194.33,197.14 3 1
github.com/gospacex/vectorx/vectorx.go:197.14,199.3 1 1
github.com/gospacex/vectorx/vectorx.go:200.2,202.43 3 1
github.com/gospacex/vectorx/vectorx.go:202.43,203.46 1 1
github.com/gospacex/vectorx/vectorx.go:203.46,205.4 1 1
github.com/gospacex/vectorx/vectorx.go:207.2,207.29 1 1
github.com/gospacex/vectorx/vectorx.go:215.33,217.2 1 0
