mode: atomic
github.com/gospacex/vectorx/observability/metrics.go:34.13,46.25 3 1
github.com/gospacex/vectorx/observability/metrics.go:46.25,48.3 1 1
github.com/gospacex/vectorx/observability/metrics.go:49.2,49.24 1 1
github.com/gospacex/vectorx/observability/metrics.go:55.70,59.2 3 35
github.com/gospacex/vectorx/observability/testing.go:21.68,24.19 3 0
github.com/gospacex/vectorx/observability/testing.go:24.19,24.37 1 0
github.com/gospacex/vectorx/observability/tracer.go:14.58,16.2 1 1
github.com/gospacex/vectorx/observability/tracer.go:19.28,24.2 1 1
github.com/gospacex/vectorx/observability/tracing.go:27.51,28.32 1 3
github.com/gospacex/vectorx/observability/tracing.go:28.32,30.3 1 2
github.com/gospacex/vectorx/observability/tracing.go:31.2,32.21 2 1
github.com/gospacex/vectorx/observability/tracing.go:32.21,35.17 3 1
github.com/gospacex/vectorx/observability/tracing.go:35.17,38.4 2 0
github.com/gospacex/vectorx/observability/tracing.go:39.3,48.17 4 1
github.com/gospacex/vectorx/observability/tracing.go:50.2,50.16 1 1
github.com/gospacex/vectorx/observability/tracing.go:53.68,54.27 1 6
github.com/gospacex/vectorx/observability/tracing.go:54.27,56.3 1 3
github.com/gospacex/vectorx/observability/tracing.go:57.2,57.25 1 3
github.com/gospacex/vectorx/observability/tracing.go:58.19,59.33 1 1
github.com/gospacex/vectorx/observability/tracing.go:60.20,61.32 1 1
github.com/gospacex/vectorx/observability/tracing.go:62.10,63.76 1 1
github.com/gospacex/vectorx/observability/tracing.go:69.109,70.14 1 3
github.com/gospacex/vectorx/observability/tracing.go:70.14,72.3 1 1
github.com/gospacex/vectorx/observability/tracing.go:73.2,74.18 2 2
github.com/gospacex/vectorx/config/load.go:33.41,35.16 2 4
github.com/gospacex/vectorx/config/load.go:35.16,37.3 1 0
github.com/gospacex/vectorx/config/load.go:38.2,39.46 2 4
github.com/gospacex/vectorx/config/load.go:39.46,41.3 1 0
github.com/gospacex/vectorx/config/load.go:48.2,49.45 2 4
github.com/gospacex/vectorx/config/load.go:49.45,51.3 1 1
github.com/gospacex/vectorx/config/load.go:52.2,52.43 1 3
github.com/gospacex/vectorx/config/load.go:52.43,54.3 1 1
github.com/gospacex/vectorx/config/load.go:55.2,55.16 1 2
github.com/gospacex/vectorx/config/secrets.go:50.41,51.34 1 6
github.com/gospacex/vectorx/config/secrets.go:51.34,53.17 2 4
github.com/gospacex/vectorx/config/secrets.go:53.17,55.4 1 0
github.com/gospacex/vectorx/config/secrets.go:56.3,59.17 3 4
github.com/gospacex/vectorx/config/secrets.go:59.17,61.4 1 1
github.com/gospacex/vectorx/config/secrets.go:62.3,65.17 3 3
github.com/gospacex/vectorx/config/secrets.go:65.17,67.4 1 0
github.com/gospacex/vectorx/config/secrets.go:68.3,68.33 1 3
github.com/gospacex/vectorx/config/secrets.go:70.2,70.34 1 5
github.com/gospacex/vectorx/config/secrets.go:70.34,72.17 2 2
github.com/gospacex/vectorx/config/secrets.go:72.17,74.4 1 0
github.com/gospacex/vectorx/config/secrets.go:75.3,75.33 1 2
github.com/gospacex/vectorx/config/secrets.go:77.2,77.36 1 5
github.com/gospacex/vectorx/config/secrets.go:77.36,79.17 2 2
github.com/gospacex/vectorx/config/secrets.go:79.17,81.4 1 0
github.com/gospacex/vectorx/config/secrets.go:82.3,82.35 1 2
github.com/gospacex/vectorx/config/secrets.go:84.2,84.12 1 5
github.com/gospacex/vectorx/config/secrets.go:94.46,95.13 1 25
github.com/gospacex/vectorx/config/secrets.go:95.13,97.3 1 9
github.com/gospacex/vectorx/config/secrets.go:98.2,98.32 1 16
github.com/gospacex/vectorx/config/secrets.go:98.32,100.3 1 1
github.com/gospacex/vectorx/config/secrets.go:102.2,103.73 2 15
github.com/gospacex/vectorx/config/secrets.go:103.73,108.39 3 16
github.com/gospacex/vectorx/config/secrets.go:108.39,110.11 2 3
github.com/gospacex/vectorx/config/secrets.go:110.11,111.18 1 1
github.com/gospacex/vectorx/config/secrets.go:111.18,113.6 1 1
github.com/gospacex/vectorx/config/secrets.go:114.5,115.17 2 0
github.com/gospacex/vectorx/config/secrets.go:117.4,118.18 2 2
github.com/gospacex/vectorx/config/secrets.go:118.18,121.5 2 1
github.com/gospacex/vectorx/config/secrets.go:122.4,122.50 1 1
github.com/gospacex/vectorx/config/secrets.go:125.3,126.10 2 13
github.com/gospacex/vectorx/config/secrets.go:126.10,127.17 1 3
github.com/gospacex/vectorx/config/secrets.go:127.17,129.5 1 1
github.com/gospacex/vectorx/config/secrets.go:130.4,131.16 2 2
github.com/gospacex/vectorx/config/secrets.go:133.3,133.11 1 10
github.com/gospacex/vectorx/config/secrets.go:135.2,135.23 1 15
github.com/gospacex/vectorx/config/validate.go:26.41,27.18 1 10
github.com/gospacex/vectorx/config/validate.go:27.18,29.3 1 1
github.com/gospacex/vectorx/config/validate.go:30.2,30.21 1 9
github.com/gospacex/vectorx/config/validate.go:30.21,32.3 1 2
github.com/gospacex/vectorx/config/validate.go:33.2,33.12 1 7
github.com/gospacex/vectorx/config/validate.go:44.41,45.18 1 9
github.com/gospacex/vectorx/config/validate.go:45.18,47.3 1 1
github.com/gospacex/vectorx/config/validate.go:48.2,48.18 1 8
github.com/gospacex/vectorx/config/validate.go:48.18,50.3 1 1
github.com/gospacex/vectorx/config/validate.go:51.2,51.34 1 7
github.com/gospacex/vectorx/config/validate.go:51.34,53.3 1 3
github.com/gospacex/vectorx/config/validate.go:54.2,54.12 1 4
github.com/gospacex/vectorx/config/validate.go:60.43,61.18 1 8
github.com/gospacex/vectorx/config/validate.go:61.18,63.3 1 1
github.com/gospacex/vectorx/config/validate.go:64.2,64.18 1 7
github.com/gospacex/vectorx/config/validate.go:64.18,66.3 1 1
github.com/gospacex/vectorx/config/validate.go:67.2,67.65 1 6
github.com/gospacex/vectorx/config/validate.go:67.65,69.3 1 1
github.com/gospacex/vectorx/config/validate.go:70.2,70.12 1 5
github.com/gospacex/vectorx/config/validate.go:83.43,86.63 2 7
github.com/gospacex/vectorx/config/validate.go:86.63,88.34 2 10
github.com/gospacex/vectorx/config/validate.go:88.34,91.4 1 1
github.com/gospacex/vectorx/config/validate.go:92.3,93.13 2 9
github.com/gospacex/vectorx/config/validate.go:102.2,104.26 2 7
github.com/gospacex/vectorx/config/validate.go:104.26,105.48 1 7
github.com/gospacex/vectorx/config/validate.go:105.48,107.4 1 1
github.com/gospacex/vectorx/config/validate.go:108.3,108.68 1 6
github.com/gospacex/vectorx/config/validate.go:108.68,110.4 1 1
github.com/gospacex/vectorx/config/validate.go:112.2,112.26 1 5
github.com/gospacex/vectorx/config/validate.go:112.26,113.48 1 2
github.com/gospacex/vectorx/config/validate.go:113.48,115.4 1 0
github.com/gospacex/vectorx/config/validate.go:116.3,116.68 1 2
github.com/gospacex/vectorx/config/validate.go:116.68,118.4 1 0
github.com/gospacex/vectorx/config/validate.go:120.2,120.28 1 5
github.com/gospacex/vectorx/config/validate.go:120.28,121.50 1 2
github.com/gospacex/vectorx/config/validate.go:121.50,123.4 1 0
github.com/gospacex/vectorx/config/validate.go:124.3,124.72 1 2
github.com/gospacex/vectorx/config/validate.go:124.72,126.4 1 0
github.com/gospacex/vectorx/config/validate.go:128.2,128.12 1 5
github.com/gospacex/vectorx/milvusx/client.go:19.60,25.16 2 0
github.com/gospacex/vectorx/milvusx/client.go:25.16,27.3 1 0
github.com/gospacex/vectorx/milvusx/client.go:28.2,28.43 1 0
github.com/gospacex/vectorx/milvusx/client.go:31.298,39.16 4 1
github.com/gospacex/vectorx/milvusx/client.go:39.16,41.3 1 1
github.com/gospacex/vectorx/milvusx/client.go:42.2,42.17 1 1
github.com/gospacex/vectorx/milvusx/client.go:45.135,52.16 4 1
github.com/gospacex/vectorx/milvusx/client.go:52.16,54.3 1 0
github.com/gospacex/vectorx/milvusx/client.go:55.2,55.17 1 1
github.com/gospacex/vectorx/milvusx/client.go:58.109,65.16 4 1
github.com/gospacex/vectorx/milvusx/client.go:65.16,67.3 1 0
github.com/gospacex/vectorx/milvusx/client.go:68.2,68.12 1 1
github.com/gospacex/vectorx/milvusx/client.go:71.142,78.16 4 1
github.com/gospacex/vectorx/milvusx/client.go:78.16,80.3 1 0
github.com/gospacex/vectorx/milvusx/client.go:81.2,81.12 1 1
github.com/gospacex/vectorx/milvusx/client.go:84.115,91.16 4 1
github.com/gospacex/vectorx/milvusx/client.go:91.16,93.3 1 1
github.com/gospacex/vectorx/milvusx/client.go:94.2,94.12 1 1
github.com/gospacex/vectorx/milvusx/client.go:97.85,104.16 4 2
github.com/gospacex/vectorx/milvusx/client.go:104.16,106.3 1 1
github.com/gospacex/vectorx/milvusx/client.go:107.2,107.16 1 2
github.com/gospacex/vectorx/milvusx/client.go:110.104,117.16 4 1
github.com/gospacex/vectorx/milvusx/client.go:117.16,119.3 1 1
github.com/gospacex/vectorx/milvusx/client.go:120.2,120.18 1 1
github.com/gospacex/vectorx/milvusx/client.go:139.33,140.18 1 4
github.com/gospacex/vectorx/milvusx/client.go:140.18,142.60 2 4
github.com/gospacex/vectorx/milvusx/client.go:142.60,147.30 1 0
github.com/gospacex/vectorx/milvusx/client.go:147.30,149.5 1 0
github.com/gospacex/vectorx/milvusx/client.go:152.2,152.21 1 4
github.com/gospacex/vectorx/milvusx/client.go:152.21,154.3 1 4
github.com/gospacex/vectorx/milvusx/client.go:155.2,157.12 3 0
github.com/gospacex/vectorx/milvusx/close.go:23.23,28.40 2 2
github.com/gospacex/vectorx/milvusx/close.go:28.40,30.35 2 2
github.com/gospacex/vectorx/milvusx/close.go:30.35,33.4 2 0
github.com/gospacex/vectorx/milvusx/close.go:34.3,35.14 2 2
github.com/gospacex/vectorx/milvusx/close.go:39.2,39.32 1 2
github.com/gospacex/vectorx/milvusx/close.go:39.32,41.3 1 2
github.com/gospacex/vectorx/milvusx/close.go:42.2,42.29 1 2
github.com/gospacex/vectorx/milvusx/close.go:45.27,48.2 2 2
github.com/gospacex/vectorx/milvusx/config.go:16.33,19.2 2 2
github.com/gospacex/vectorx/milvusx/config.go:21.60,23.16 2 12
github.com/gospacex/vectorx/milvusx/config.go:23.16,25.3 1 10
github.com/gospacex/vectorx/milvusx/config.go:26.2,26.36 1 2
github.com/gospacex/vectorx/milvusx/config.go:26.36,27.41 1 2
github.com/gospacex/vectorx/milvusx/config.go:27.41,29.4 1 0
github.com/gospacex/vectorx/milvusx/config.go:31.2,31.70 1 2
github.com/gospacex/vectorx/milvusx/config.go:34.48,36.21 2 12
github.com/gospacex/vectorx/milvusx/config.go:36.21,37.23 1 3
github.com/gospacex/vectorx/milvusx/config.go:37.23,39.4 1 1
github.com/gospacex/vectorx/milvusx/config.go:40.3,40.43 1 3
github.com/gospacex/vectorx/milvusx/config.go:42.2,42.16 1 12
github.com/gospacex/vectorx/milvusx/config.go:42.16,44.3 1 1
github.com/gospacex/vectorx/milvusx/config.go:45.2,45.22 1 11
github.com/gospacex/vectorx/milvusx/config.go:45.22,47.3 1 9
github.com/gospacex/vectorx/milvusx/config.go:48.2,48.23 1 2
github.com/gospacex/vectorx/milvusx/milvusx.go:13.47,19.41 5 13
github.com/gospacex/vectorx/milvusx/milvusx.go:19.41,21.3 1 1
github.com/gospacex/vectorx/milvusx/milvusx.go:23.2,24.16 2 12
github.com/gospacex/vectorx/milvusx/milvusx.go:24.16,26.3 1 12
github.com/gospacex/vectorx/milvusx/milvusx.go:28.2,29.16 2 0
github.com/gospacex/vectorx/milvusx/milvusx.go:29.16,31.3 1 0
github.com/gospacex/vectorx/milvusx/milvusx.go:33.2,34.15 2 0
github.com/gospacex/vectorx/milvusx/milvusx.go:37.42,39.16 2 1
github.com/gospacex/vectorx/milvusx/milvusx.go:39.16,40.50 1 1
github.com/gospacex/vectorx/milvusx/milvusx.go:42.2,42.10 1 0
github.com/gospacex/vectorx/milvusx/testexport.go:17.32,19.2 1 0
github.com/gospacex/vectorx/milvusx/testexport.go:24.50,26.9 2 0
github.com/gospacex/vectorx/milvusx/testexport.go:26.9,28.3 1 0
github.com/gospacex/vectorx/milvusx/testexport.go:29.2,29.27 1 0
github.com/gospacex/vectorx/milvusx/testexport.go:53.46,53.93 1 0
github.com/gospacex/vectorx/milvusx/testexport.go:63.50,66.2 2 0
github.com/gospacex/vectorx/qdrantx/client.go:36.60,39.16 3 0
github.com/gospacex/vectorx/qdrantx/client.go:39.16,41.3 1 0
github.com/gospacex/vectorx/qdrantx/client.go:42.2,43.16 2 0
github.com/gospacex/vectorx/qdrantx/client.go:43.16,45.3 1 0
github.com/gospacex/vectorx/qdrantx/client.go:46.2,50.8 1 0
github.com/gospacex/vectorx/qdrantx/client.go:56.71,57.14 1 5
github.com/gospacex/vectorx/qdrantx/client.go:57.14,59.3 1 1
github.com/gospacex/vectorx/qdrantx/client.go:60.2,65.22 2 4
github.com/gospacex/vectorx/qdrantx/client.go:65.22,67.17 2 3
github.com/gospacex/vectorx/qdrantx/client.go:67.17,69.4 1 3
github.com/gospacex/vectorx/qdrantx/client.go:70.3,70.24 1 0
github.com/gospacex/vectorx/qdrantx/client.go:72.2,72.90 1 1
github.com/gospacex/vectorx/qdrantx/client.go:80.54,82.16 2 3
github.com/gospacex/vectorx/qdrantx/client.go:82.16,84.3 1 1
github.com/gospacex/vectorx/qdrantx/client.go:85.2,86.35 2 2
github.com/gospacex/vectorx/qdrantx/client.go:86.35,88.3 1 2
github.com/gospacex/vectorx/qdrantx/client.go:89.2,89.18 1 0
github.com/gospacex/vectorx/qdrantx/client.go:100.138,104.16 4 2
github.com/gospacex/vectorx/qdrantx/client.go:104.16,106.3 1 1
github.com/gospacex/vectorx/qdrantx/client.go:107.2,107.17 1 2
github.com/gospacex/vectorx/qdrantx/client.go:110.151,114.16 4 1
github.com/gospacex/vectorx/qdrantx/client.go:114.16,116.3 1 1
github.com/gospacex/vectorx/qdrantx/client.go:117.2,117.17 1 1
github.com/gospacex/vectorx/qdrantx/client.go:120.151,124.16 4 1
github.com/gospacex/vectorx/qdrantx/client.go:124.16,126.3 1 1
github.com/gospacex/vectorx/qdrantx/client.go:127.2,127.17 1 1
github.com/gospacex/vectorx/qdrantx/client.go:130.146,134.16 4 1
github.com/gospacex/vectorx/qdrantx/client.go:134.16,136.3 1 1
github.com/gospacex/vectorx/qdrantx/client.go:137.2,137.17 1 1
github.com/gospacex/vectorx/qdrantx/client.go:140.152,144.16 4 1
github.com/gospacex/vectorx/qdrantx/client.go:144.16,146.3 1 1
github.com/gospacex/vectorx/qdrantx/client.go:147.2,147.17 1 1
github.com/gospacex/vectorx/qdrantx/client.go:150.152,154.16 4 1
github.com/gospacex/vectorx/qdrantx/client.go:154.16,156.3 1 1
github.com/gospacex/vectorx/qdrantx/client.go:157.2,157.17 1 1
github.com/gospacex/vectorx/qdrantx/client.go:160.150,164.16 4 1
github.com/gospacex/vectorx/qdrantx/client.go:164.16,166.3 1 1
github.com/gospacex/vectorx/qdrantx/client.go:167.2,167.17 1 1
github.com/gospacex/vectorx/qdrantx/client.go:170.138,174.16 4 1
github.com/gospacex/vectorx/qdrantx/client.go:174.16,176.3 1 1
github.com/gospacex/vectorx/qdrantx/client.go:177.2,177.17 1 1
github.com/gospacex/vectorx/qdrantx/client.go:180.144,184.16 4 1
github.com/gospacex/vectorx/qdrantx/client.go:184.16,186.3 1 1
github.com/gospacex/vectorx/qdrantx/client.go:187.2,187.17 1 1
github.com/gospacex/vectorx/qdrantx/client.go:192.162,196.16 4 1
github.com/gospacex/vectorx/qdrantx/client.go:196.16,198.3 1 1
github.com/gospacex/vectorx/qdrantx/client.go:199.2,199.17 1 1
github.com/gospacex/vectorx/qdrantx/client.go:202.162,206.16 4 1
github.com/gospacex/vectorx/qdrantx/client.go:206.16,208.3 1 1
github.com/gospacex/vectorx/qdrantx/client.go:209.2,209.17 1 1
github.com/gospacex/vectorx/qdrantx/client.go:212.159,216.16 4 1
github.com/gospacex/vectorx/qdrantx/client.go:216.16,218.3 1 1
github.com/gospacex/vectorx/qdrantx/client.go:219.2,219.17 1 1
github.com/gospacex/vectorx/qdrantx/client.go:222.159,226.16 4 1
github.com/gospacex/vectorx/qdrantx/client.go:226.16,228.3 1 1
github.com/gospacex/vectorx/qdrantx/client.go:229.2,229.17 1 1
github.com/gospacex/vectorx/qdrantx/client.go:234.120,238.16 4 1
github.com/gospacex/vectorx/qdrantx/client.go:238.16,240.3 1 1
github.com/gospacex/vectorx/qdrantx/client.go:241.2,241.17 1 1
github.com/gospacex/vectorx/qdrantx/client.go:244.129,248.16 4 1
github.com/gospacex/vectorx/qdrantx/client.go:248.16,250.3 1 1
github.com/gospacex/vectorx/qdrantx/client.go:251.2,251.17 1 1
github.com/gospacex/vectorx/qdrantx/client.go:254.126,258.16 4 1
github.com/gospacex/vectorx/qdrantx/client.go:258.16,260.3 1 1
github.com/gospacex/vectorx/qdrantx/client.go:261.2,261.17 1 1
github.com/gospacex/vectorx/qdrantx/client.go:264.129,271.16 4 2
github.com/gospacex/vectorx/qdrantx/client.go:271.16,273.3 1 1
github.com/gospacex/vectorx/qdrantx/client.go:274.2,274.17 1 2
github.com/gospacex/vectorx/qdrantx/client.go:277.144,281.16 4 1
github.com/gospacex/vectorx/qdrantx/client.go:281.16,283.3 1 1
github.com/gospacex/vectorx/qdrantx/client.go:284.2,284.17 1 1
github.com/gospacex/vectorx/qdrantx/client.go:287.146,291.16 4 1
github.com/gospacex/vectorx/qdrantx/client.go:291.16,293.3 1 1
github.com/gospacex/vectorx/qdrantx/client.go:294.2,294.17 1 1
github.com/gospacex/vectorx/qdrantx/client.go:297.138,301.16 4 1
github.com/gospacex/vectorx/qdrantx/client.go:301.16,303.3 1 1
github.com/gospacex/vectorx/qdrantx/client.go:304.2,304.17 1 1
github.com/gospacex/vectorx/qdrantx/client.go:307.153,311.16 4 1
github.com/gospacex/vectorx/qdrantx/client.go:311.16,313.3 1 1
github.com/gospacex/vectorx/qdrantx/client.go:314.2,314.17 1 1
github.com/gospacex/vectorx/qdrantx/client.go:317.155,321.16 4 1
github.com/gospacex/vectorx/qdrantx/client.go:321.16,323.3 1 1
github.com/gospacex/vectorx/qdrantx/client.go:324.2,324.17 1 1
github.com/gospacex/vectorx/qdrantx/client.go:327.135,331.16 4 1
github.com/gospacex/vectorx/qdrantx/client.go:331.16,333.3 1 1
github.com/gospacex/vectorx/qdrantx/client.go:334.2,334.17 1 1
github.com/gospacex/vectorx/qdrantx/client.go:337.150,341.16 4 1
github.com/gospacex/vectorx/qdrantx/client.go:341.16,343.3 1 1
github.com/gospacex/vectorx/qdrantx/client.go:344.2,344.17 1 1
github.com/gospacex/vectorx/qdrantx/client.go:347.126,351.16 4 1
github.com/gospacex/vectorx/qdrantx/client.go:351.16,353.3 1 1
github.com/gospacex/vectorx/qdrantx/client.go:354.2,354.17 1 1
github.com/gospacex/vectorx/qdrantx/client.go:372.33,373.18 1 9
github.com/gospacex/vectorx/qdrantx/client.go:373.18,375.66 2 9
github.com/gospacex/vectorx/qdrantx/client.go:375.66,380.30 1 3
github.com/gospacex/vectorx/qdrantx/client.go:380.30,382.5 1 3
github.com/gospacex/vectorx/qdrantx/client.go:385.2,385.19 1 6
github.com/gospacex/vectorx/qdrantx/client.go:385.19,387.3 1 6
github.com/gospacex/vectorx/qdrantx/client.go:388.2,390.12 3 0
github.com/gospacex/vectorx/qdrantx/close.go:13.23,18.40 2 4
github.com/gospacex/vectorx/qdrantx/close.go:18.40,20.35 2 5
github.com/gospacex/vectorx/qdrantx/close.go:20.35,23.4 2 2
github.com/gospacex/vectorx/qdrantx/close.go:24.3,25.14 2 3
github.com/gospacex/vectorx/qdrantx/close.go:27.2,27.32 1 4
github.com/gospacex/vectorx/qdrantx/close.go:27.32,29.3 1 3
github.com/gospacex/vectorx/qdrantx/close.go:30.2,30.29 1 4
github.com/gospacex/vectorx/qdrantx/close.go:33.27,36.2 2 5
github.com/gospacex/vectorx/qdrantx/config.go:16.33,19.2 2 2
github.com/gospacex/vectorx/qdrantx/config.go:21.60,23.16 2 12
github.com/gospacex/vectorx/qdrantx/config.go:23.16,25.3 1 0
github.com/gospacex/vectorx/qdrantx/config.go:26.2,26.36 1 12
github.com/gospacex/vectorx/qdrantx/config.go:26.36,27.41 1 12
github.com/gospacex/vectorx/qdrantx/config.go:27.41,29.4 1 0
github.com/gospacex/vectorx/qdrantx/config.go:31.2,31.70 1 12
github.com/gospacex/vectorx/qdrantx/config.go:34.48,36.21 2 12
github.com/gospacex/vectorx/qdrantx/config.go:36.21,37.23 1 2
github.com/gospacex/vectorx/qdrantx/config.go:37.23,39.4 1 0
github.com/gospacex/vectorx/qdrantx/config.go:40.3,40.43 1 2
github.com/gospacex/vectorx/qdrantx/config.go:42.2,42.23 1 12
github.com/gospacex/vectorx/qdrantx/qdrantx.go:13.47,19.41 5 13
github.com/gospacex/vectorx/qdrantx/qdrantx.go:19.41,21.3 1 1
github.com/gospacex/vectorx/qdrantx/qdrantx.go:23.2,24.16 2 12
github.com/gospacex/vectorx/qdrantx/qdrantx.go:24.16,26.3 1 12
github.com/gospacex/vectorx/qdrantx/qdrantx.go:28.2,29.16 2 0
github.com/gospacex/vectorx/qdrantx/qdrantx.go:29.16,31.3 1 0
github.com/gospacex/vectorx/qdrantx/qdrantx.go:33.2,34.15 2 0
github.com/gospacex/vectorx/qdrantx/qdrantx.go:37.42,39.16 2 1
github.com/gospacex/vectorx/qdrantx/qdrantx.go:39.16,40.50 1 1
github.com/gospacex/vectorx/qdrantx/qdrantx.go:42.2,42.10 1 0
github.com/gospacex/vectorx/qdrantx/testexport.go:14.32,16.2 1 0
github.com/gospacex/vectorx/qdrantx/testexport.go:21.50,23.9 2 0
github.com/gospacex/vectorx/qdrantx/testexport.go:23.9,25.3 1 0
github.com/gospacex/vectorx/qdrantx/testexport.go:26.2,26.27 1 0
github.com/gospacex/vectorx/observability/exporter/exporter.go:29.41,29.63 1 2
github.com/gospacex/vectorx/observability/exporter/exporter.go:32.41,32.63 1 2
github.com/gospacex/vectorx/observability/exporter/exporter.go:50.70,51.16 1 14
github.com/gospacex/vectorx/observability/exporter/exporter.go:51.16,53.3 1 0
github.com/gospacex/vectorx/observability/exporter/exporter.go:54.2,55.41 2 14
github.com/gospacex/vectorx/observability/exporter/exporter.go:56.14,57.29 1 7
github.com/gospacex/vectorx/observability/exporter/exporter.go:58.15,59.33 1 3
github.com/gospacex/vectorx/observability/exporter/exporter.go:60.15,61.33 1 3
github.com/gospacex/vectorx/observability/exporter/exporter.go:63.2,63.121 1 1
github.com/gospacex/vectorx/observability/exporter/exporter.go:70.44,71.31 1 14
github.com/gospacex/vectorx/observability/exporter/exporter.go:72.24,73.16 1 7
github.com/gospacex/vectorx/observability/exporter/exporter.go:74.31,75.17 1 3
github.com/gospacex/vectorx/observability/exporter/exporter.go:76.15,77.17 1 3
github.com/gospacex/vectorx/observability/exporter/exporter.go:78.10,79.14 1 1
github.com/gospacex/vectorx/observability/exporter/exporter.go:101.96,102.27 1 5
github.com/gospacex/vectorx/observability/exporter/exporter.go:102.27,112.26 4 6
github.com/gospacex/vectorx/observability/exporter/exporter.go:112.26,114.4 1 2
github.com/gospacex/vectorx/observability/exporter/exporter.go:115.3,115.63 1 6
github.com/gospacex/vectorx/observability/exporter/exporter.go:115.63,117.4 1 1
github.com/gospacex/vectorx/observability/exporter/exporter.go:119.2,119.12 1 4
github.com/gospacex/vectorx/observability/exporter/exporter.go:122.60,122.74 1 4
github.com/gospacex/vectorx/observability/exporter/jaeger.go:25.93,26.24 1 7
github.com/gospacex/vectorx/observability/exporter/jaeger.go:26.24,33.3 1 1
github.com/gospacex/vectorx/observability/exporter/jaeger.go:35.2,35.28 1 6
github.com/gospacex/vectorx/observability/exporter/jaeger.go:35.28,37.3 1 2
github.com/gospacex/vectorx/observability/exporter/jaeger.go:38.2,38.32 1 4
github.com/gospacex/vectorx/observability/exporter/jaeger.go:41.97,45.18 2 4
github.com/gospacex/vectorx/observability/exporter/jaeger.go:45.18,47.3 1 1
github.com/gospacex/vectorx/observability/exporter/jaeger.go:48.2,48.26 1 4
github.com/gospacex/vectorx/observability/exporter/jaeger.go:48.26,50.3 1 1
github.com/gospacex/vectorx/observability/exporter/jaeger.go:51.2,51.40 1 4
github.com/gospacex/vectorx/observability/exporter/jaeger.go:54.97,58.18 2 2
github.com/gospacex/vectorx/observability/exporter/jaeger.go:58.18,60.3 1 1
github.com/gospacex/vectorx/observability/exporter/jaeger.go:61.2,61.26 1 2
github.com/gospacex/vectorx/observability/exporter/jaeger.go:61.26,63.3 1 0
github.com/gospacex/vectorx/observability/exporter/jaeger.go:64.2,64.40 1 2
github.com/gospacex/vectorx/observability/exporter/kafka.go:11.77,12.27 1 3
github.com/gospacex/vectorx/observability/exporter/kafka.go:12.27,14.3 1 1
github.com/gospacex/vectorx/observability/exporter/kafka.go:15.2,15.85 1 2
github.com/gospacex/vectorx/observability/exporter/redis.go:9.77,10.27 1 3
github.com/gospacex/vectorx/observability/exporter/redis.go:10.27,12.3 1 1
github.com/gospacex/vectorx/observability/exporter/redis.go:13.2,13.87 1 2
github.com/gospacex/vectorx/observability/exporter/redis.go:21.41,23.2 1 1
github.com/gospacex/vectorx/weaviatex/client.go:53.89,55.16 2 0
github.com/gospacex/vectorx/weaviatex/client.go:55.16,57.3 1 0
github.com/gospacex/vectorx/weaviatex/client.go:58.2,58.24 1 0
github.com/gospacex/vectorx/weaviatex/client.go:58.24,60.3 1 0
github.com/gospacex/vectorx/weaviatex/client.go:61.2,61.23 1 0
github.com/gospacex/vectorx/weaviatex/client.go:64.140,70.2 1 0
github.com/gospacex/vectorx/weaviatex/client.go:72.99,77.2 1 0
github.com/gospacex/vectorx/weaviatex/client.go:79.90,83.2 1 0
github.com/gospacex/vectorx/weaviatex/client.go:85.72,87.2 1 0
github.com/gospacex/vectorx/weaviatex/client.go:94.64,99.22 2 4
github.com/gospacex/vectorx/weaviatex/client.go:99.22,101.3 1 1
github.com/gospacex/vectorx/weaviatex/client.go:102.2,103.16 2 4
github.com/gospacex/vectorx/weaviatex/client.go:103.16,105.3 1 0
github.com/gospacex/vectorx/weaviatex/client.go:110.2,110.68 1 4
github.com/gospacex/vectorx/weaviatex/client.go:113.80,118.16 4 1
github.com/gospacex/vectorx/weaviatex/client.go:118.16,120.3 1 1
github.com/gospacex/vectorx/weaviatex/client.go:121.2,121.18 1 1
github.com/gospacex/vectorx/weaviatex/client.go:124.131,131.16 4 1
github.com/gospacex/vectorx/weaviatex/client.go:131.16,133.3 1 1
github.com/gospacex/vectorx/weaviatex/client.go:134.2,134.17 1 1
github.com/gospacex/vectorx/weaviatex/client.go:137.90,144.16 4 1
github.com/gospacex/vectorx/weaviatex/client.go:144.16,146.3 1 1
github.com/gospacex/vectorx/weaviatex/client.go:147.2,147.12 1 1
github.com/gospacex/vectorx/weaviatex/client.go:150.81,157.16 4 1
github.com/gospacex/vectorx/weaviatex/client.go:157.16,159.3 1 1
github.com/gospacex/vectorx/weaviatex/client.go:160.2,160.12 1 1
github.com/gospacex/vectorx/weaviatex/client.go:163.63,168.16 4 2
github.com/gospacex/vectorx/weaviatex/client.go:168.16,170.3 1 1
github.com/gospacex/vectorx/weaviatex/client.go:171.2,171.18 1 2
github.com/gospacex/vectorx/weaviatex/client.go:184.35,185.18 1 8
github.com/gospacex/vectorx/weaviatex/client.go:185.18,187.3 1 1
github.com/gospacex/vectorx/weaviatex/client.go:188.2,189.67 2 7
github.com/gospacex/vectorx/weaviatex/client.go:189.67,194.29 1 3
github.com/gospacex/vectorx/weaviatex/client.go:194.29,196.4 1 3
github.com/gospacex/vectorx/weaviatex/client.go:198.2,198.12 1 4
github.com/gospacex/vectorx/weaviatex/close.go:16.23,21.40 2 4
github.com/gospacex/vectorx/weaviatex/close.go:21.40,23.35 2 5
github.com/gospacex/vectorx/weaviatex/close.go:23.35,26.4 2 2
github.com/gospacex/vectorx/weaviatex/close.go:27.3,28.14 2 3
github.com/gospacex/vectorx/weaviatex/close.go:30.2,30.32 1 4
github.com/gospacex/vectorx/weaviatex/close.go:30.32,32.3 1 3
github.com/gospacex/vectorx/weaviatex/close.go:33.2,33.29 1 4
github.com/gospacex/vectorx/weaviatex/close.go:36.27,39.2 2 5
github.com/gospacex/vectorx/weaviatex/config.go:16.33,19.2 2 5
github.com/gospacex/vectorx/weaviatex/config.go:21.62,23.16 2 18
github.com/gospacex/vectorx/weaviatex/config.go:23.16,25.3 1 0
github.com/gospacex/vectorx/weaviatex/config.go:26.2,26.38 1 18
github.com/gospacex/vectorx/weaviatex/config.go:26.38,27.43 1 20
github.com/gospacex/vectorx/weaviatex/config.go:27.43,29.4 1 4
github.com/gospacex/vectorx/weaviatex/config.go:31.2,31.72 1 14
github.com/gospacex/vectorx/weaviatex/config.go:34.48,36.21 2 18
github.com/gospacex/vectorx/weaviatex/config.go:36.21,37.23 1 5
github.com/gospacex/vectorx/weaviatex/config.go:37.23,39.4 1 0
github.com/gospacex/vectorx/weaviatex/config.go:40.3,40.43 1 5
github.com/gospacex/vectorx/weaviatex/config.go:42.2,42.23 1 18
github.com/gospacex/vectorx/weaviatex/testexport.go:14.32,16.2 1 0
github.com/gospacex/vectorx/weaviatex/testexport.go:21.52,23.9 2 0
github.com/gospacex/vectorx/weaviatex/testexport.go:23.9,25.3 1 0
github.com/gospacex/vectorx/weaviatex/testexport.go:26.2,26.29 1 0
github.com/gospacex/vectorx/weaviatex/weaviatex.go:13.51,19.41 5 13
github.com/gospacex/vectorx/weaviatex/weaviatex.go:19.41,21.3 1 1
github.com/gospacex/vectorx/weaviatex/weaviatex.go:23.2,24.16 2 12
github.com/gospacex/vectorx/weaviatex/weaviatex.go:24.16,26.3 1 12
github.com/gospacex/vectorx/weaviatex/weaviatex.go:28.2,29.16 2 0
github.com/gospacex/vectorx/weaviatex/weaviatex.go:29.16,31.3 1 0
github.com/gospacex/vectorx/weaviatex/weaviatex.go:33.2,34.15 2 0
github.com/gospacex/vectorx/weaviatex/weaviatex.go:37.46,39.16 2 1
github.com/gospacex/vectorx/weaviatex/weaviatex.go:39.16,40.52 1 1
github.com/gospacex/vectorx/weaviatex/weaviatex.go:42.2,42.10 1 0
github.com/gospacex/vectorx/vectorx.go:66.42,68.16 2 16
github.com/gospacex/vectorx/vectorx.go:68.16,70.3 1 2
github.com/gospacex/vectorx/vectorx.go:75.2,77.34 1 14
github.com/gospacex/vectorx/vectorx.go:77.34,79.3 1 0
github.com/gospacex/vectorx/vectorx.go:81.2,83.31 2 14
github.com/gospacex/vectorx/vectorx.go:83.31,84.71 1 0
github.com/gospacex/vectorx/vectorx.go:84.71,86.4 1 0
github.com/gospacex/vectorx/vectorx.go:94.3,96.10 1 0
github.com/gospacex/vectorx/vectorx.go:96.10,98.4 1 0
github.com/gospacex/vectorx/vectorx.go:101.2,105.16 4 14
github.com/gospacex/vectorx/vectorx.go:110.37,112.16 2 2
github.com/gospacex/vectorx/vectorx.go:112.16,113.49 1 1
github.com/gospacex/vectorx/vectorx.go:115.2,115.11 1 1
github.com/gospacex/vectorx/vectorx.go:122.65,125.14 3 102
github.com/gospacex/vectorx/vectorx.go:125.14,127.3 1 1
github.com/gospacex/vectorx/vectorx.go:128.2,128.32 1 101
github.com/gospacex/vectorx/vectorx.go:134.60,137.14 3 2
github.com/gospacex/vectorx/vectorx.go:137.14,138.19 1 0
github.com/gospacex/vectorx/vectorx.go:140.2,141.16 2 2
github.com/gospacex/vectorx/vectorx.go:141.16,142.61 1 2
github.com/gospacex/vectorx/vectorx.go:144.2,144.10 1 0
github.com/gospacex/vectorx/vectorx.go:148.65,151.14 3 1
github.com/gospacex/vectorx/vectorx.go:151.14,153.3 1 0
github.com/gospacex/vectorx/vectorx.go:154.2,154.32 1 1
github.com/gospacex/vectorx/vectorx.go:157.60,160.14 3 1
github.com/gospacex/vectorx/vectorx.go:160.14,161.19 1 0
github.com/gospacex/vectorx/vectorx.go:163.2,164.16 2 1
github.com/gospacex/vectorx/vectorx.go:164.16,165.61 1 1
github.com/gospacex/vectorx/vectorx.go:167.2,167.10 1 0
github.com/gospacex/vectorx/vectorx.go:171.71,174.14 3 1
github.com/gospacex/vectorx/vectorx.go:174.14,176.3 1 0
github.com/gospacex/vectorx/vectorx.go:177.2,177.36 1 1
github.com/gospacex/vectorx/vectorx.go:180.66,183.14 3 1
github.com/gospacex/vectorx/vectorx.go:183.14,184.19 1 0
github.com/gospacex/vectorx/vectorx.go:186.2,187.16 2 1
github.com/gospacex/vectorx/vectorx.go:187.16,188.63 1 1
github.com/gospacex/vectorx/vectorx.go:190.2,190.10 1 0
github.com/gospacex/vectorx/vectorx.go:206.33,209.14 3 9
github.com/gospacex/vectorx/vectorx.go:209.14,211.3 1 2
github.com/gospacex/vectorx/vectorx.go:212.2,216.43 3 7
github.com/gospacex/vectorx/vectorx.go:216.43,218.3 1 1
github.com/gospacex/vectorx/vectorx.go:219.2,219.43 1 7
github.com/gospacex/vectorx/vectorx.go:219.43,221.3 1 0
github.com/gospacex/vectorx/vectorx.go:222.2,222.45 1 7
github.com/gospacex/vectorx/vectorx.go:222.45,224.3 1 0
github.com/gospacex/vectorx/vectorx.go:228.2,228.43 1 7
github.com/gospacex/vectorx/vectorx.go:228.43,229.46 1 4
github.com/gospacex/vectorx/vectorx.go:229.46,231.4 1 2
github.com/gospacex/vectorx/vectorx.go:233.2,233.29 1 7
github.com/gospacex/vectorx/vectorx.go:241.33,245.2 3 1
